<?xml version="1.0" encoding="UTF-8"?>
<!-- Generated by org.testng.reporters.JUnitReportReporter -->
<testsuite hostname="luch-nix" name="qaframework.rtv.tests.AuthorizationTest" tests="9" failures="0" timestamp="20 Apr 2016 00:19:27 GMT" time="35.453" errors="0">
  <testcase name="testAbonentType6" time="4.374" classname="qaframework.rtv.tests.AuthorizationTest"/>
  <testcase name="testAbonentType7" time="4.076" classname="qaframework.rtv.tests.AuthorizationTest"/>
  <testcase name="testAbonentType9" time="3.890" classname="qaframework.rtv.tests.AuthorizationTest"/>
  <testcase name="testAbonentType3" time="3.692" classname="qaframework.rtv.tests.AuthorizationTest"/>
  <testcase name="testAbonentType4" time="3.915" classname="qaframework.rtv.tests.AuthorizationTest"/>
  <testcase name="testAbonentType1" time="4.818" classname="qaframework.rtv.tests.AuthorizationTest"/>
  <testcase name="testAbonentType2" time="2.893" classname="qaframework.rtv.tests.AuthorizationTest"/>
  <testcase name="testAbonentType5" time="4.042" classname="qaframework.rtv.tests.AuthorizationTest"/>
  <testcase name="testAbonentType8" time="3.753" classname="qaframework.rtv.tests.AuthorizationTest"/>
</testsuite> <!-- qaframework.rtv.tests.AuthorizationTest -->
